<?xml version="1.0" encoding="UTF-8"?>
<!-- Generated by org.testng.reporters.JUnitXMLReporter -->
<testsuite ignored="1" hostname="NitikaWason" failures="1" tests="1" name="Test" time="0.045" errors="0" timestamp="02 Sep 2022 20:13:26 GMT">
  <testcase classname="Framework.EndtoEndEcommerce.Login" name="logintoapplication" time="0.025">
    <failure type="java.lang.NullPointerException" message="Cannot invoke &amp;quot;org.openqa.selenium.SearchContext.findElement(org.openqa.selenium.By)&amp;quot; because &amp;quot;this.searchContext&amp;quot; is null">
      <![CDATA[java.lang.NullPointerException: Cannot invoke "org.openqa.selenium.SearchContext.findElement(org.openqa.selenium.By)" because "this.searchContext" is null
at org.openqa.selenium.support.pagefactory.DefaultElementLocator.findElement(DefaultElementLocator.java:69)
at org.openqa.selenium.support.pagefactory.internal.LocatingElementHandler.invoke(LocatingElementHandler.java:38)
at jdk.proxy2/jdk.proxy2.$Proxy12.sendKeys(Unknown Source)
at Framework.EndtoEndEcommerce.LoginToApplication.credentials(LoginToApplication.java:35)
at Framework.EndtoEndEcommerce.Login.logintoapplication(Login.java:26)
... Removed 25 stack frames]]>
    </failure>
  </testcase> <!-- logintoapplication -->
  <testcase classname="Framework.EndtoEndEcommerce.Login" name="ApplicationOperation" time="0.0">
    <ignored/>
  </testcase> <!-- ApplicationOperation -->
</testsuite> <!-- Test -->
