<?xml version="1.0" encoding="UTF-8"?>
<testng-results ignored="0" total="1" passed="1" failed="0" skipped="0">
  <reporter-output>
  </reporter-output>
  <suite started-at="2022-09-29T16:07:53 CDT" name="Suite" finished-at="2022-09-29T16:08:03 CDT" duration-ms="10562">
    <groups>
      <group name="Regression">
        <method signature="Login.logintoapplication(java.lang.String, java.lang.String)[pri:1, instance:Framework.EndtoEndEcommerce.Login@59402b8f]" name="logintoapplication" class="Framework.EndtoEndEcommerce.Login"/>
      </group> <!-- Regression -->
    </groups>
    <test started-at="2022-09-29T16:07:53 CDT" name="Login" finished-at="2022-09-29T16:08:03 CDT" duration-ms="10562">
      <class name="Framework.EndtoEndEcommerce.Login">
        <test-method is-config="true" signature="setupdriver()[pri:0, instance:Framework.EndtoEndEcommerce.Login@59402b8f]" started-at="2022-09-29T16:07:53 CDT" name="setupdriver" finished-at="2022-09-29T16:08:00 CDT" duration-ms="7461" status="PASS">
          <reporter-output>
          </reporter-output>
        </test-method> <!-- setupdriver -->
        <test-method signature="logintoapplication(java.lang.String, java.lang.String)[pri:1, instance:Framework.EndtoEndEcommerce.Login@59402b8f]" started-at="2022-09-29T16:08:00 CDT" name="logintoapplication" finished-at="2022-09-29T16:08:03 CDT" duration-ms="2676" status="PASS">
          <params>
            <param index="0">
              <value>
                <![CDATA[nitika@test.com]]>
              </value>
            </param>
            <param index="1">
              <value>
                <![CDATA[Test@12345]]>
              </value>
            </param>
          </params>
          <reporter-output>
          </reporter-output>
        </test-method> <!-- logintoapplication -->
        <test-method is-config="true" signature="close()[pri:0, instance:Framework.EndtoEndEcommerce.Login@59402b8f]" started-at="2022-09-29T16:08:03 CDT" name="close" finished-at="2022-09-29T16:08:03 CDT" duration-ms="395" status="PASS">
          <reporter-output>
          </reporter-output>
        </test-method> <!-- close -->
      </class> <!-- Framework.EndtoEndEcommerce.Login -->
    </test> <!-- Login -->
  </suite> <!-- Suite -->
</testng-results>
