<?xml version="1.0" encoding="UTF-8"?>
<!-- Generated by org.testng.reporters.JUnitReportReporter -->
<testsuite hostname="NitikaWason" failures="0" tests="1" name="Cucumber.TestRunner" time="0.106" errors="1" timestamp="14 Sep 2022 05:45:34 GMT" skipped="0">
  <testcase classname="Cucumber.TestRunner" name="runScenario" time="0.106">
    <error message="Cannot invoke &quot;org.openqa.selenium.SearchContext.findElement(org.openqa.selenium.By)&quot; because &quot;this.searchContext&quot; is null" type="java.lang.NullPointerException">
      <![CDATA[java.lang.NullPointerException: Cannot invoke "org.openqa.selenium.SearchContext.findElement(org.openqa.selenium.By)" because "this.searchContext" is null
at org.openqa.selenium.support.pagefactory.DefaultElementLocator.findElement(DefaultElementLocator.java:69)
at org.openqa.selenium.support.pagefactory.internal.LocatingElementHandler.invoke(LocatingElementHandler.java:38)
at jdk.proxy2/jdk.proxy2.$Proxy24.sendKeys(Unknown Source)
at Framework.EndtoEndEcommerce.LoginToApplication.credentials(LoginToApplication.java:35)
at Cucu.StepDefination.Login.User_enter_username_and_password(Login.java:46)
at ✽.User enter nitika@test.com and Test@12345(file:///C:/NewWorkspace/eclipse-workspace/EndtoEndEcommerce/src/test/java/Cucumber/Login.feature:10)
]]>
    </error>
  </testcase> <!-- runScenario -->
</testsuite> <!-- Cucumber.TestRunner -->
